

############################################################
##                 SRv6 Router node setup                 ##
##                                                        ##
##    The installation process can last many minutes.     ##
##   Plase wait and do not interrupt the setup process.   ##
############################################################

Checking permission
Ok!

Checking setup already performed
Ok!

Checking Kernel version
Ok!

Installing dependencies

WARNING: apt does not have a stable CLI interface. Use with caution in scripts.

Hit:1 http://it.archive.ubuntu.com/ubuntu artful InRelease
Hit:2 http://security.ubuntu.com/ubuntu artful-security InRelease
Hit:3 http://it.archive.ubuntu.com/ubuntu artful-updates InRelease
Hit:4 http://it.archive.ubuntu.com/ubuntu artful-backports InRelease
Reading package lists...
Building dependency tree...
Reading state information...
All packages are up to date.

Installing OpenVPN
Reading package lists...
Building dependency tree...
Reading state information...
The following additional packages will be installed:
  libpkcs11-helper1
Suggested packages:
  resolvconf easy-rsa
The following NEW packages will be installed:
  libpkcs11-helper1 openvpn
0 upgraded, 2 newly installed, 0 to remove and 0 not upgraded.
Need to get 513 kB of archives.
After this operation, 1.269 kB of additional disk space will be used.
Get:1 http://it.archive.ubuntu.com/ubuntu artful/main amd64 libpkcs11-helper1 amd64 1.22-2 [44,2 kB]
Get:2 http://it.archive.ubuntu.com/ubuntu artful/main amd64 openvpn amd64 2.4.3-4ubuntu1 [469 kB]
Preconfiguring packages ...
Fetched 513 kB in 0s (607 kB/s)
Selecting previously unselected package libpkcs11-helper1:amd64.
(Reading database ... 
(Reading database ... 5%
(Reading database ... 10%
(Reading database ... 15%
(Reading database ... 20%
(Reading database ... 25%
(Reading database ... 30%
(Reading database ... 35%
(Reading database ... 40%
(Reading database ... 45%
(Reading database ... 50%
(Reading database ... 55%
(Reading database ... 60%
(Reading database ... 65%
(Reading database ... 70%
(Reading database ... 75%
(Reading database ... 80%
(Reading database ... 85%
(Reading database ... 90%
(Reading database ... 95%
(Reading database ... 100%
(Reading database ... 179542 files and directories currently installed.)
Preparing to unpack .../libpkcs11-helper1_1.22-2_amd64.deb ...
Unpacking libpkcs11-helper1:amd64 (1.22-2) ...
Selecting previously unselected package openvpn.
Preparing to unpack .../openvpn_2.4.3-4ubuntu1_amd64.deb ...
Unpacking openvpn (2.4.3-4ubuntu1) ...
Processing triggers for ureadahead (0.100.0-20) ...
Setting up libpkcs11-helper1:amd64 (1.22-2) ...
Setting up openvpn (2.4.3-4ubuntu1) ...
 * Restarting virtual private network daemon.       [80G 
[74G[ OK ]
Created symlink /etc/systemd/system/multi-user.target.wants/openvpn.service → /lib/systemd/system/openvpn.service.
Processing triggers for libc-bin (2.26-0ubuntu2.1) ...
Processing triggers for systemd (234-2ubuntu12.1) ...
Processing triggers for man-db (2.7.6.1-2) ...
Processing triggers for ureadahead (0.100.0-20) ...

Installing VLAN packages

WARNING: apt does not have a stable CLI interface. Use with caution in scripts.

Reading package lists...
Building dependency tree...
Reading state information...
The following NEW packages will be installed:
  vlan
0 upgraded, 1 newly installed, 0 to remove and 0 not upgraded.
Need to get 30,5 kB of archives.
After this operation, 120 kB of additional disk space will be used.
Get:1 http://it.archive.ubuntu.com/ubuntu artful/main amd64 vlan amd64 1.9-3.2ubuntu5 [30,5 kB]
Fetched 30,5 kB in 0s (228 kB/s)
Selecting previously unselected package vlan.
(Reading database ... 
(Reading database ... 5%
(Reading database ... 10%
(Reading database ... 15%
(Reading database ... 20%
(Reading database ... 25%
(Reading database ... 30%
(Reading database ... 35%
(Reading database ... 40%
(Reading database ... 45%
(Reading database ... 50%
(Reading database ... 55%
(Reading database ... 60%
(Reading database ... 65%
(Reading database ... 70%
(Reading database ... 75%
(Reading database ... 80%
(Reading database ... 85%
(Reading database ... 90%
(Reading database ... 95%
(Reading database ... 100%
(Reading database ... 179636 files and directories currently installed.)
Preparing to unpack .../vlan_1.9-3.2ubuntu5_amd64.deb ...
Unpacking vlan (1.9-3.2ubuntu5) ...
Setting up vlan (1.9-3.2ubuntu5) ...
Processing triggers for man-db (2.7.6.1-2) ...

Installing make

WARNING: apt does not have a stable CLI interface. Use with caution in scripts.

Reading package lists...
Building dependency tree...
Reading state information...
make is already the newest version (4.1-9.1).
0 upgraded, 0 newly installed, 0 to remove and 0 not upgraded.

Installing pkg-Config

WARNING: apt does not have a stable CLI interface. Use with caution in scripts.

Reading package lists...
Building dependency tree...
Reading state information...
The following additional packages will be installed:
  build-essential dpkg-dev fakeroot g++ g++-7 libalgorithm-diff-perl
  libalgorithm-diff-xs-perl libalgorithm-merge-perl libfakeroot
  libstdc++-7-dev
Suggested packages:
  debian-keyring g++-multilib g++-7-multilib gcc-7-doc libstdc++6-7-dbg
  libstdc++-7-doc
The following NEW packages will be installed:
  build-essential dpkg-dev fakeroot g++ g++-7 libalgorithm-diff-perl
  libalgorithm-diff-xs-perl libalgorithm-merge-perl libfakeroot
  libstdc++-7-dev pkg-config
0 upgraded, 11 newly installed, 0 to remove and 0 not upgraded.
Need to get 9.829 kB of archives.
After this operation, 43,4 MB of additional disk space will be used.
Get:1 http://it.archive.ubuntu.com/ubuntu artful-updates/main amd64 libstdc++-7-dev amd64 7.2.0-8ubuntu3.2 [1.456 kB]
Get:2 http://it.archive.ubuntu.com/ubuntu artful-updates/main amd64 g++-7 amd64 7.2.0-8ubuntu3.2 [7.555 kB]
Get:3 http://it.archive.ubuntu.com/ubuntu artful/main amd64 g++ amd64 4:7.2.0-1ubuntu1 [1.482 B]
Get:4 http://it.archive.ubuntu.com/ubuntu artful/main amd64 dpkg-dev all 1.18.24ubuntu1 [608 kB]
Get:5 http://it.archive.ubuntu.com/ubuntu artful/main amd64 build-essential amd64 12.4ubuntu1 [4.758 B]
Get:6 http://it.archive.ubuntu.com/ubuntu artful/main amd64 libfakeroot amd64 1.21-1ubuntu2 [25,9 kB]
Get:7 http://it.archive.ubuntu.com/ubuntu artful/main amd64 fakeroot amd64 1.21-1ubuntu2 [62,2 kB]
Get:8 http://it.archive.ubuntu.com/ubuntu artful/main amd64 libalgorithm-diff-perl all 1.19.03-1 [47,6 kB]
Get:9 http://it.archive.ubuntu.com/ubuntu artful/main amd64 libalgorithm-diff-xs-perl amd64 0.04-4build3 [11,2 kB]
Get:10 http://it.archive.ubuntu.com/ubuntu artful/main amd64 libalgorithm-merge-perl all 0.08-3 [12,0 kB]
Get:11 http://it.archive.ubuntu.com/ubuntu artful/main amd64 pkg-config amd64 0.29.1-0ubuntu2 [45,0 kB]
Fetched 9.829 kB in 3s (2.529 kB/s)
Selecting previously unselected package libstdc++-7-dev:amd64.
(Reading database ... 
(Reading database ... 5%
(Reading database ... 10%
(Reading database ... 15%
(Reading database ... 20%
(Reading database ... 25%
(Reading database ... 30%
(Reading database ... 35%
(Reading database ... 40%
(Reading database ... 45%
(Reading database ... 50%
(Reading database ... 55%
(Reading database ... 60%
(Reading database ... 65%
(Reading database ... 70%
(Reading database ... 75%
(Reading database ... 80%
(Reading database ... 85%
(Reading database ... 90%
(Reading database ... 95%
(Reading database ... 100%
(Reading database ... 179651 files and directories currently installed.)
Preparing to unpack .../00-libstdc++-7-dev_7.2.0-8ubuntu3.2_amd64.deb ...
Unpacking libstdc++-7-dev:amd64 (7.2.0-8ubuntu3.2) ...
Selecting previously unselected package g++-7.
Preparing to unpack .../01-g++-7_7.2.0-8ubuntu3.2_amd64.deb ...
Unpacking g++-7 (7.2.0-8ubuntu3.2) ...
Selecting previously unselected package g++.
Preparing to unpack .../02-g++_4%3a7.2.0-1ubuntu1_amd64.deb ...
Unpacking g++ (4:7.2.0-1ubuntu1) ...
Selecting previously unselected package dpkg-dev.
Preparing to unpack .../03-dpkg-dev_1.18.24ubuntu1_all.deb ...
Unpacking dpkg-dev (1.18.24ubuntu1) ...
Selecting previously unselected package build-essential.
Preparing to unpack .../04-build-essential_12.4ubuntu1_amd64.deb ...
Unpacking build-essential (12.4ubuntu1) ...
Selecting previously unselected package libfakeroot:amd64.
Preparing to unpack .../05-libfakeroot_1.21-1ubuntu2_amd64.deb ...
Unpacking libfakeroot:amd64 (1.21-1ubuntu2) ...
Selecting previously unselected package fakeroot.
Preparing to unpack .../06-fakeroot_1.21-1ubuntu2_amd64.deb ...
Unpacking fakeroot (1.21-1ubuntu2) ...
Selecting previously unselected package libalgorithm-diff-perl.
Preparing to unpack .../07-libalgorithm-diff-perl_1.19.03-1_all.deb ...
Unpacking libalgorithm-diff-perl (1.19.03-1) ...
Selecting previously unselected package libalgorithm-diff-xs-perl.
Preparing to unpack .../08-libalgorithm-diff-xs-perl_0.04-4build3_amd64.deb ...
Unpacking libalgorithm-diff-xs-perl (0.04-4build3) ...
Selecting previously unselected package libalgorithm-merge-perl.
Preparing to unpack .../09-libalgorithm-merge-perl_0.08-3_all.deb ...
Unpacking libalgorithm-merge-perl (0.08-3) ...
Selecting previously unselected package pkg-config.
Preparing to unpack .../10-pkg-config_0.29.1-0ubuntu2_amd64.deb ...
Unpacking pkg-config (0.29.1-0ubuntu2) ...
Setting up libstdc++-7-dev:amd64 (7.2.0-8ubuntu3.2) ...
Setting up dpkg-dev (1.18.24ubuntu1) ...
Processing triggers for libc-bin (2.26-0ubuntu2.1) ...
Setting up libfakeroot:amd64 (1.21-1ubuntu2) ...
Setting up libalgorithm-diff-perl (1.19.03-1) ...
Processing triggers for man-db (2.7.6.1-2) ...
Setting up g++-7 (7.2.0-8ubuntu3.2) ...
Setting up fakeroot (1.21-1ubuntu2) ...
update-alternatives: using /usr/bin/fakeroot-sysv to provide /usr/bin/fakeroot (fakeroot) in auto mode
Setting up libalgorithm-merge-perl (0.08-3) ...
Setting up pkg-config (0.29.1-0ubuntu2) ...
Setting up libalgorithm-diff-xs-perl (0.04-4build3) ...
Setting up g++ (4:7.2.0-1ubuntu1) ...
update-alternatives: using /usr/bin/g++ to provide /usr/bin/c++ (c++) in auto mode
Setting up build-essential (12.4ubuntu1) ...
Processing triggers for libc-bin (2.26-0ubuntu2.1) ...

Installing bison

WARNING: apt does not have a stable CLI interface. Use with caution in scripts.

Reading package lists...
Building dependency tree...
Reading state information...
The following additional packages will be installed:
  libbison-dev m4
Suggested packages:
  bison-doc m4-doc
The following NEW packages will be installed:
  bison libbison-dev m4
0 upgraded, 3 newly installed, 0 to remove and 0 not upgraded.
Need to get 802 kB of archives.
After this operation, 2.166 kB of additional disk space will be used.
Get:1 http://it.archive.ubuntu.com/ubuntu artful/main amd64 m4 amd64 1.4.18-1 [197 kB]
Get:2 http://it.archive.ubuntu.com/ubuntu artful/main amd64 libbison-dev amd64 2:3.0.4.dfsg-1build1 [339 kB]
Get:3 http://it.archive.ubuntu.com/ubuntu artful/main amd64 bison amd64 2:3.0.4.dfsg-1build1 [266 kB]
Fetched 802 kB in 0s (1.317 kB/s)
Selecting previously unselected package m4.
(Reading database ... 
(Reading database ... 5%
(Reading database ... 10%
(Reading database ... 15%
(Reading database ... 20%
(Reading database ... 25%
(Reading database ... 30%
(Reading database ... 35%
(Reading database ... 40%
(Reading database ... 45%
(Reading database ... 50%
(Reading database ... 55%
(Reading database ... 60%
(Reading database ... 65%
(Reading database ... 70%
(Reading database ... 75%
(Reading database ... 80%
(Reading database ... 85%
(Reading database ... 90%
(Reading database ... 95%
(Reading database ... 100%
(Reading database ... 180791 files and directories currently installed.)
Preparing to unpack .../archives/m4_1.4.18-1_amd64.deb ...
Unpacking m4 (1.4.18-1) ...
Selecting previously unselected package libbison-dev:amd64.
Preparing to unpack .../libbison-dev_2%3a3.0.4.dfsg-1build1_amd64.deb ...
Unpacking libbison-dev:amd64 (2:3.0.4.dfsg-1build1) ...
Selecting previously unselected package bison.
Preparing to unpack .../bison_2%3a3.0.4.dfsg-1build1_amd64.deb ...
Unpacking bison (2:3.0.4.dfsg-1build1) ...
Processing triggers for install-info (6.4.90.dfsg.1-1build1) ...
Setting up m4 (1.4.18-1) ...
Setting up libbison-dev:amd64 (2:3.0.4.dfsg-1build1) ...
Processing triggers for man-db (2.7.6.1-2) ...
Setting up bison (2:3.0.4.dfsg-1build1) ...
update-alternatives: using /usr/bin/bison.yacc to provide /usr/bin/yacc (yacc) in auto mode

Installing flex

WARNING: apt does not have a stable CLI interface. Use with caution in scripts.

Reading package lists...
Building dependency tree...
Reading state information...
The following additional packages will be installed:
  libfl-dev
The following NEW packages will be installed:
  flex libfl-dev
0 upgraded, 2 newly installed, 0 to remove and 0 not upgraded.
Need to get 319 kB of archives.
After this operation, 1.002 kB of additional disk space will be used.
Get:1 http://it.archive.ubuntu.com/ubuntu artful/main amd64 flex amd64 2.6.1-1.3 [312 kB]
Get:2 http://it.archive.ubuntu.com/ubuntu artful/main amd64 libfl-dev amd64 2.6.1-1.3 [7.538 B]
Fetched 319 kB in 0s (590 kB/s)
Selecting previously unselected package flex.
(Reading database ... 
(Reading database ... 5%
(Reading database ... 10%
(Reading database ... 15%
(Reading database ... 20%
(Reading database ... 25%
(Reading database ... 30%
(Reading database ... 35%
(Reading database ... 40%
(Reading database ... 45%
(Reading database ... 50%
(Reading database ... 55%
(Reading database ... 60%
(Reading database ... 65%
(Reading database ... 70%
(Reading database ... 75%
(Reading database ... 80%
(Reading database ... 85%
(Reading database ... 90%
(Reading database ... 95%
(Reading database ... 100%
(Reading database ... 180903 files and directories currently installed.)
Preparing to unpack .../flex_2.6.1-1.3_amd64.deb ...
Unpacking flex (2.6.1-1.3) ...
Selecting previously unselected package libfl-dev:amd64.
Preparing to unpack .../libfl-dev_2.6.1-1.3_amd64.deb ...
Unpacking libfl-dev:amd64 (2.6.1-1.3) ...
Setting up flex (2.6.1-1.3) ...
Processing triggers for install-info (6.4.90.dfsg.1-1build1) ...
Setting up libfl-dev:amd64 (2.6.1-1.3) ...
Processing triggers for libc-bin (2.26-0ubuntu2.1) ...
Processing triggers for doc-base (0.10.7) ...
Processing 31 changed doc-base files, 1 added doc-base file...
Processing triggers for man-db (2.7.6.1-2) ...

Installing Quagga router services

WARNING: apt does not have a stable CLI interface. Use with caution in scripts.

Reading package lists...
Building dependency tree...
Reading state information...
gawk is already the newest version (1:4.1.4+dfsg-1).
0 upgraded, 0 newly installed, 0 to remove and 0 not upgraded.

WARNING: apt does not have a stable CLI interface. Use with caution in scripts.

Reading package lists...
Building dependency tree...
Reading state information...
The following additional packages will be installed:
  libtext-unidecode-perl tex-common
Suggested packages:
  debhelper texlive-base texlive-latex-base texlive-generic-recommended
  texinfo-doc-nonfree texlive-fonts-recommended
The following NEW packages will be installed:
  libtext-unidecode-perl tex-common texinfo
0 upgraded, 3 newly installed, 0 to remove and 0 not upgraded.
Need to get 886 kB of archives.
After this operation, 7.918 kB of additional disk space will be used.
Get:1 http://it.archive.ubuntu.com/ubuntu artful/main amd64 tex-common all 6.09 [33,0 kB]
Get:2 http://it.archive.ubuntu.com/ubuntu artful/universe amd64 libtext-unidecode-perl all 1.30-1 [99,0 kB]
Get:3 http://it.archive.ubuntu.com/ubuntu artful/universe amd64 texinfo amd64 6.4.90.dfsg.1-1build1 [754 kB]
Fetched 886 kB in 0s (1.256 kB/s)
Selecting previously unselected package tex-common.
(Reading database ... 
(Reading database ... 5%
(Reading database ... 10%
(Reading database ... 15%
(Reading database ... 20%
(Reading database ... 25%
(Reading database ... 30%
(Reading database ... 35%
(Reading database ... 40%
(Reading database ... 45%
(Reading database ... 50%
(Reading database ... 55%
(Reading database ... 60%
(Reading database ... 65%
(Reading database ... 70%
(Reading database ... 75%
(Reading database ... 80%
(Reading database ... 85%
(Reading database ... 90%
(Reading database ... 95%
(Reading database ... 100%
(Reading database ... 180995 files and directories currently installed.)
Preparing to unpack .../tex-common_6.09_all.deb ...
Unpacking tex-common (6.09) ...
Selecting previously unselected package libtext-unidecode-perl.
Preparing to unpack .../libtext-unidecode-perl_1.30-1_all.deb ...
Unpacking libtext-unidecode-perl (1.30-1) ...
Selecting previously unselected package texinfo.
Preparing to unpack .../texinfo_6.4.90.dfsg.1-1build1_amd64.deb ...
Unpacking texinfo (6.4.90.dfsg.1-1build1) ...
Setting up tex-common (6.09) ...
update-language: texlive-base not installed and configured, doing nothing!
Setting up libtext-unidecode-perl (1.30-1) ...
Processing triggers for man-db (2.7.6.1-2) ...
Setting up texinfo (6.4.90.dfsg.1-1build1) ...

WARNING: apt does not have a stable CLI interface. Use with caution in scripts.

Reading package lists...
Building dependency tree...
Reading state information...
The following additional packages will be installed:
  quagga-bgpd quagga-core quagga-isisd quagga-ospf6d quagga-ospfd quagga-pimd
  quagga-ripd quagga-ripngd
Suggested packages:
  snmpd
The following NEW packages will be installed:
  quagga quagga-bgpd quagga-core quagga-isisd quagga-ospf6d quagga-ospfd
  quagga-pimd quagga-ripd quagga-ripngd
0 upgraded, 9 newly installed, 0 to remove and 0 not upgraded.
Need to get 1.237 kB of archives.
After this operation, 5.398 kB of additional disk space will be used.
Get:1 http://it.archive.ubuntu.com/ubuntu artful-updates/main amd64 quagga-core amd64 1.1.1-3ubuntu0.2 [559 kB]
Get:2 http://it.archive.ubuntu.com/ubuntu artful-updates/main amd64 quagga-bgpd amd64 1.1.1-3ubuntu0.2 [249 kB]
Get:3 http://it.archive.ubuntu.com/ubuntu artful-updates/main amd64 quagga-isisd amd64 1.1.1-3ubuntu0.2 [111 kB]
Get:4 http://it.archive.ubuntu.com/ubuntu artful-updates/main amd64 quagga-ospf6d amd64 1.1.1-3ubuntu0.2 [109 kB]
Get:5 http://it.archive.ubuntu.com/ubuntu artful-updates/main amd64 quagga-ospfd amd64 1.1.1-3ubuntu0.2 [15,0 kB]
Get:6 http://it.archive.ubuntu.com/ubuntu artful-updates/main amd64 quagga-pimd amd64 1.1.1-3ubuntu0.2 [97,1 kB]
Get:7 http://it.archive.ubuntu.com/ubuntu artful-updates/main amd64 quagga-ripd amd64 1.1.1-3ubuntu0.2 [49,8 kB]
Get:8 http://it.archive.ubuntu.com/ubuntu artful-updates/main amd64 quagga-ripngd amd64 1.1.1-3ubuntu0.2 [41,0 kB]
Get:9 http://it.archive.ubuntu.com/ubuntu artful-updates/main amd64 quagga amd64 1.1.1-3ubuntu0.2 [6.264 B]
Fetched 1.237 kB in 0s (1.810 kB/s)
Selecting previously unselected package quagga-core.
(Reading database ... 
(Reading database ... 5%
(Reading database ... 10%
(Reading database ... 15%
(Reading database ... 20%
(Reading database ... 25%
(Reading database ... 30%
(Reading database ... 35%
(Reading database ... 40%
(Reading database ... 45%
(Reading database ... 50%
(Reading database ... 55%
(Reading database ... 60%
(Reading database ... 65%
(Reading database ... 70%
(Reading database ... 75%
(Reading database ... 80%
(Reading database ... 85%
(Reading database ... 90%
(Reading database ... 95%
(Reading database ... 100%
(Reading database ... 181571 files and directories currently installed.)
Preparing to unpack .../0-quagga-core_1.1.1-3ubuntu0.2_amd64.deb ...
Adding user `quagga' to group `quaggavty' ...
Adding user quagga to group quaggavty
Done.
Unpacking quagga-core (1.1.1-3ubuntu0.2) ...
Selecting previously unselected package quagga-bgpd.
Preparing to unpack .../1-quagga-bgpd_1.1.1-3ubuntu0.2_amd64.deb ...
Unpacking quagga-bgpd (1.1.1-3ubuntu0.2) ...
Selecting previously unselected package quagga-isisd.
Preparing to unpack .../2-quagga-isisd_1.1.1-3ubuntu0.2_amd64.deb ...
Unpacking quagga-isisd (1.1.1-3ubuntu0.2) ...
Selecting previously unselected package quagga-ospf6d.
Preparing to unpack .../3-quagga-ospf6d_1.1.1-3ubuntu0.2_amd64.deb ...
Unpacking quagga-ospf6d (1.1.1-3ubuntu0.2) ...
Selecting previously unselected package quagga-ospfd.
Preparing to unpack .../4-quagga-ospfd_1.1.1-3ubuntu0.2_amd64.deb ...
Unpacking quagga-ospfd (1.1.1-3ubuntu0.2) ...
Selecting previously unselected package quagga-pimd.
Preparing to unpack .../5-quagga-pimd_1.1.1-3ubuntu0.2_amd64.deb ...
Unpacking quagga-pimd (1.1.1-3ubuntu0.2) ...
Selecting previously unselected package quagga-ripd.
Preparing to unpack .../6-quagga-ripd_1.1.1-3ubuntu0.2_amd64.deb ...
Unpacking quagga-ripd (1.1.1-3ubuntu0.2) ...
Selecting previously unselected package quagga-ripngd.
Preparing to unpack .../7-quagga-ripngd_1.1.1-3ubuntu0.2_amd64.deb ...
Unpacking quagga-ripngd (1.1.1-3ubuntu0.2) ...
Selecting previously unselected package quagga.
Preparing to unpack .../8-quagga_1.1.1-3ubuntu0.2_amd64.deb ...
Unpacking quagga (1.1.1-3ubuntu0.2) ...
Setting up quagga-core (1.1.1-3ubuntu0.2) ...
Created symlink /etc/systemd/system/network.target.wants/zebra.service → /lib/systemd/system/zebra.service.
Setting up quagga-bgpd (1.1.1-3ubuntu0.2) ...
Created symlink /etc/systemd/system/network.target.wants/bgpd.service → /lib/systemd/system/bgpd.service.
Processing triggers for man-db (2.7.6.1-2) ...
Setting up quagga-pimd (1.1.1-3ubuntu0.2) ...
Created symlink /etc/systemd/system/network.target.wants/pimd.service → /lib/systemd/system/pimd.service.
Setting up quagga-ripd (1.1.1-3ubuntu0.2) ...
Created symlink /etc/systemd/system/network.target.wants/ripd.service → /lib/systemd/system/ripd.service.
Setting up quagga-ripngd (1.1.1-3ubuntu0.2) ...
Created symlink /etc/systemd/system/network.target.wants/ripngd.service → /lib/systemd/system/ripngd.service.
Setting up quagga-ospf6d (1.1.1-3ubuntu0.2) ...
Created symlink /etc/systemd/system/network.target.wants/ospf6d.service → /lib/systemd/system/ospf6d.service.
Setting up quagga-isisd (1.1.1-3ubuntu0.2) ...
Created symlink /etc/systemd/system/network.target.wants/isisd.service → /lib/systemd/system/isisd.service.
Setting up quagga-ospfd (1.1.1-3ubuntu0.2) ...
Created symlink /etc/systemd/system/network.target.wants/ospfd.service → /lib/systemd/system/ospfd.service.
Setting up quagga (1.1.1-3ubuntu0.2) ...

Installing iproute2
--2018-03-05 09:27:01--  https://www.kernel.org/pub/linux/utils/net/iproute2/iproute2-4.15.0.tar.gz
Resolving www.kernel.org (www.kernel.org)... 147.75.196.57, 2604:1380:1:3600::3
Connecting to www.kernel.org (www.kernel.org)|147.75.196.57|:443... connected.
HTTP request sent, awaiting response... 200 OK
Length: 864983 (845K) [application/x-gzip]
Saving to: ‘iproute2-4.15.0.tar.gz’

     0K .......... .......... .......... .......... ..........  5%  208K 4s
    50K .......... .......... .......... .......... .......... 11%  454K 3s
   100K .......... .......... .......... .......... .......... 17%  434K 2s
   150K .......... .......... .......... .......... .......... 23% 2,53M 2s
   200K .......... .......... .......... .......... .......... 29%  468K 1s
   250K .......... .......... .......... .......... .......... 35% 4,27M 1s
   300K .......... .......... .......... .......... .......... 41% 3,61M 1s
   350K .......... .......... .......... .......... .......... 47%  599K 1s
   400K .......... .......... .......... .......... .......... 53% 3,61M 1s
   450K .......... .......... .......... .......... .......... 59% 3,05M 1s
   500K .......... .......... .......... .......... .......... 65% 4,21M 0s
   550K .......... .......... .......... .......... .......... 71% 3,90M 0s
   600K .......... .......... .......... .......... .......... 76% 3,93M 0s
   650K .......... .......... .......... .......... .......... 82% 4,06M 0s
   700K .......... .......... .......... .......... .......... 88% 1,17M 0s
   750K .......... .......... .......... .......... .......... 94% 2,87M 0s
   800K .......... .......... .......... .......... ....      100% 6,31M=0,8s

2018-03-05 09:27:03 (1001 KB/s) - ‘iproute2-4.15.0.tar.gz’ saved [864983/864983]

iproute2-4.15.0/
iproute2-4.15.0/.gitignore
iproute2-4.15.0/COPYING
iproute2-4.15.0/Makefile
iproute2-4.15.0/README
iproute2-4.15.0/README.decnet
iproute2-4.15.0/README.devel
iproute2-4.15.0/README.distribution
iproute2-4.15.0/README.iproute2+tc
iproute2-4.15.0/README.lnstat
iproute2-4.15.0/bash-completion/
iproute2-4.15.0/bash-completion/tc
iproute2-4.15.0/bridge/
iproute2-4.15.0/bridge/.gitignore
iproute2-4.15.0/bridge/Makefile
iproute2-4.15.0/bridge/br_common.h
iproute2-4.15.0/bridge/bridge.c
iproute2-4.15.0/bridge/fdb.c
iproute2-4.15.0/bridge/link.c
iproute2-4.15.0/bridge/mdb.c
iproute2-4.15.0/bridge/monitor.c
iproute2-4.15.0/bridge/vlan.c
iproute2-4.15.0/configure
iproute2-4.15.0/devlink/
iproute2-4.15.0/devlink/.gitignore
iproute2-4.15.0/devlink/Makefile
iproute2-4.15.0/devlink/devlink.c
iproute2-4.15.0/devlink/mnlg.c
iproute2-4.15.0/devlink/mnlg.h
iproute2-4.15.0/doc/
iproute2-4.15.0/doc/actions/
iproute2-4.15.0/doc/actions/actions-general
iproute2-4.15.0/doc/actions/gact-usage
iproute2-4.15.0/doc/actions/ifb-README
iproute2-4.15.0/doc/actions/mirred-usage
iproute2-4.15.0/etc/
iproute2-4.15.0/etc/iproute2/
iproute2-4.15.0/etc/iproute2/bpf_pinning
iproute2-4.15.0/etc/iproute2/ematch_map
iproute2-4.15.0/etc/iproute2/group
iproute2-4.15.0/etc/iproute2/nl_protos
iproute2-4.15.0/etc/iproute2/rt_dsfield
iproute2-4.15.0/etc/iproute2/rt_protos
iproute2-4.15.0/etc/iproute2/rt_protos.d/
iproute2-4.15.0/etc/iproute2/rt_protos.d/README
iproute2-4.15.0/etc/iproute2/rt_realms
iproute2-4.15.0/etc/iproute2/rt_scopes
iproute2-4.15.0/etc/iproute2/rt_tables
iproute2-4.15.0/etc/iproute2/rt_tables.d/
iproute2-4.15.0/etc/iproute2/rt_tables.d/README
iproute2-4.15.0/examples/
iproute2-4.15.0/examples/README.cbq
iproute2-4.15.0/examples/SYN-DoS.rate.limit
iproute2-4.15.0/examples/bpf/
iproute2-4.15.0/examples/bpf/README
iproute2-4.15.0/examples/bpf/bpf_cyclic.c
iproute2-4.15.0/examples/bpf/bpf_graft.c
iproute2-4.15.0/examples/bpf/bpf_map_in_map.c
iproute2-4.15.0/examples/bpf/bpf_shared.c
iproute2-4.15.0/examples/bpf/bpf_tailcall.c
iproute2-4.15.0/examples/cbq.init-v0.7.3
iproute2-4.15.0/examples/cbqinit.eth1
iproute2-4.15.0/examples/dhcp-client-script
iproute2-4.15.0/examples/diffserv/
iproute2-4.15.0/examples/diffserv/Edge1
iproute2-4.15.0/examples/diffserv/Edge2
iproute2-4.15.0/examples/diffserv/Edge31-ca-u32
iproute2-4.15.0/examples/diffserv/Edge31-cb-chains
iproute2-4.15.0/examples/diffserv/Edge32-ca-u32
iproute2-4.15.0/examples/diffserv/Edge32-cb-chains
iproute2-4.15.0/examples/diffserv/Edge32-cb-u32
iproute2-4.15.0/examples/diffserv/README
iproute2-4.15.0/examples/diffserv/afcbq
iproute2-4.15.0/examples/diffserv/ef-prio
iproute2-4.15.0/examples/diffserv/efcbq
iproute2-4.15.0/examples/diffserv/regression-testing
iproute2-4.15.0/examples/gaiconf
iproute2-4.15.0/genl/
iproute2-4.15.0/genl/.gitignore
iproute2-4.15.0/genl/Makefile
iproute2-4.15.0/genl/ctrl.c
iproute2-4.15.0/genl/genl.c
iproute2-4.15.0/genl/genl_utils.h
iproute2-4.15.0/genl/static-syms.c
iproute2-4.15.0/include/
iproute2-4.15.0/include/SNAPSHOT.h
iproute2-4.15.0/include/bpf_api.h
iproute2-4.15.0/include/bpf_elf.h
iproute2-4.15.0/include/bpf_scm.h
iproute2-4.15.0/include/bpf_util.h
iproute2-4.15.0/include/color.h
iproute2-4.15.0/include/dlfcn.h
iproute2-4.15.0/include/ip6tables.h
iproute2-4.15.0/include/iptables.h
iproute2-4.15.0/include/iptables/
iproute2-4.15.0/include/iptables/internal.h
iproute2-4.15.0/include/json_print.h
iproute2-4.15.0/include/json_writer.h
iproute2-4.15.0/include/libgenl.h
iproute2-4.15.0/include/libiptc/
iproute2-4.15.0/include/libiptc/ipt_kernel_headers.h
iproute2-4.15.0/include/libiptc/libip6tc.h
iproute2-4.15.0/include/libiptc/libiptc.h
iproute2-4.15.0/include/libiptc/libxtc.h
iproute2-4.15.0/include/libiptc/xtcshared.h
iproute2-4.15.0/include/libnetlink.h
iproute2-4.15.0/include/list.h
iproute2-4.15.0/include/ll_map.h
iproute2-4.15.0/include/names.h
iproute2-4.15.0/include/namespace.h
iproute2-4.15.0/include/netinet/
iproute2-4.15.0/include/netinet/tcp.h
iproute2-4.15.0/include/rt_names.h
iproute2-4.15.0/include/rtm_map.h
iproute2-4.15.0/include/uapi/
iproute2-4.15.0/include/uapi/linux/
iproute2-4.15.0/include/uapi/linux/atm.h
iproute2-4.15.0/include/uapi/linux/atmapi.h
iproute2-4.15.0/include/uapi/linux/atmarp.h
iproute2-4.15.0/include/uapi/linux/atmdev.h
iproute2-4.15.0/include/uapi/linux/atmioc.h
iproute2-4.15.0/include/uapi/linux/atmsap.h
iproute2-4.15.0/include/uapi/linux/bpf.h
iproute2-4.15.0/include/uapi/linux/bpf_common.h
iproute2-4.15.0/include/uapi/linux/can.h
iproute2-4.15.0/include/uapi/linux/can/
iproute2-4.15.0/include/uapi/linux/can/netlink.h
iproute2-4.15.0/include/uapi/linux/can/vxcan.h
iproute2-4.15.0/include/uapi/linux/devlink.h
iproute2-4.15.0/include/uapi/linux/elf-em.h
iproute2-4.15.0/include/uapi/linux/fib_rules.h
iproute2-4.15.0/include/uapi/linux/filter.h
iproute2-4.15.0/include/uapi/linux/fou.h
iproute2-4.15.0/include/uapi/linux/gen_stats.h
iproute2-4.15.0/include/uapi/linux/genetlink.h
iproute2-4.15.0/include/uapi/linux/hdlc/
iproute2-4.15.0/include/uapi/linux/hdlc/ioctl.h
iproute2-4.15.0/include/uapi/linux/icmpv6.h
iproute2-4.15.0/include/uapi/linux/if.h
iproute2-4.15.0/include/uapi/linux/if_addr.h
iproute2-4.15.0/include/uapi/linux/if_addrlabel.h
iproute2-4.15.0/include/uapi/linux/if_alg.h
iproute2-4.15.0/include/uapi/linux/if_arp.h
iproute2-4.15.0/include/uapi/linux/if_bonding.h
iproute2-4.15.0/include/uapi/linux/if_bridge.h
iproute2-4.15.0/include/uapi/linux/if_ether.h
iproute2-4.15.0/include/uapi/linux/if_link.h
iproute2-4.15.0/include/uapi/linux/if_macsec.h
iproute2-4.15.0/include/uapi/linux/if_packet.h
iproute2-4.15.0/include/uapi/linux/if_tun.h
iproute2-4.15.0/include/uapi/linux/if_tunnel.h
iproute2-4.15.0/include/uapi/linux/if_vlan.h
iproute2-4.15.0/include/uapi/linux/ife.h
iproute2-4.15.0/include/uapi/linux/ila.h
iproute2-4.15.0/include/uapi/linux/in.h
iproute2-4.15.0/include/uapi/linux/in6.h
iproute2-4.15.0/include/uapi/linux/in_route.h
iproute2-4.15.0/include/uapi/linux/inet_diag.h
iproute2-4.15.0/include/uapi/linux/ip.h
iproute2-4.15.0/include/uapi/linux/ip6_tunnel.h
iproute2-4.15.0/include/uapi/linux/ipsec.h
iproute2-4.15.0/include/uapi/linux/kernel.h
iproute2-4.15.0/include/uapi/linux/l2tp.h
iproute2-4.15.0/include/uapi/linux/libc-compat.h
iproute2-4.15.0/include/uapi/linux/limits.h
iproute2-4.15.0/include/uapi/linux/lwtunnel.h
iproute2-4.15.0/include/uapi/linux/magic.h
iproute2-4.15.0/include/uapi/linux/mpls.h
iproute2-4.15.0/include/uapi/linux/mpls_iptunnel.h
iproute2-4.15.0/include/uapi/linux/neighbour.h
iproute2-4.15.0/include/uapi/linux/net_namespace.h
iproute2-4.15.0/include/uapi/linux/netconf.h
iproute2-4.15.0/include/uapi/linux/netdevice.h
iproute2-4.15.0/include/uapi/linux/netfilter.h
iproute2-4.15.0/include/uapi/linux/netfilter/
iproute2-4.15.0/include/uapi/linux/netfilter/ipset/
iproute2-4.15.0/include/uapi/linux/netfilter/ipset/ip_set.h
iproute2-4.15.0/include/uapi/linux/netfilter/x_tables.h
iproute2-4.15.0/include/uapi/linux/netfilter/xt_set.h
iproute2-4.15.0/include/uapi/linux/netfilter/xt_tcpudp.h
iproute2-4.15.0/include/uapi/linux/netfilter_ipv4.h
iproute2-4.15.0/include/uapi/linux/netfilter_ipv4/
iproute2-4.15.0/include/uapi/linux/netfilter_ipv4/ip_tables.h
iproute2-4.15.0/include/uapi/linux/netfilter_ipv6.h
iproute2-4.15.0/include/uapi/linux/netfilter_ipv6/
iproute2-4.15.0/include/uapi/linux/netfilter_ipv6/ip6_tables.h
iproute2-4.15.0/include/uapi/linux/netlink.h
iproute2-4.15.0/include/uapi/linux/netlink_diag.h
iproute2-4.15.0/include/uapi/linux/packet_diag.h
iproute2-4.15.0/include/uapi/linux/param.h
iproute2-4.15.0/include/uapi/linux/pfkeyv2.h
iproute2-4.15.0/include/uapi/linux/pkt_cls.h
iproute2-4.15.0/include/uapi/linux/pkt_sched.h
iproute2-4.15.0/include/uapi/linux/posix_types.h
iproute2-4.15.0/include/uapi/linux/rtnetlink.h
iproute2-4.15.0/include/uapi/linux/sctp.h
iproute2-4.15.0/include/uapi/linux/seg6.h
iproute2-4.15.0/include/uapi/linux/seg6_genl.h
iproute2-4.15.0/include/uapi/linux/seg6_hmac.h
iproute2-4.15.0/include/uapi/linux/seg6_iptunnel.h
iproute2-4.15.0/include/uapi/linux/seg6_local.h
iproute2-4.15.0/include/uapi/linux/sock_diag.h
iproute2-4.15.0/include/uapi/linux/socket.h
iproute2-4.15.0/include/uapi/linux/sockios.h
iproute2-4.15.0/include/uapi/linux/stddef.h
iproute2-4.15.0/include/uapi/linux/sysinfo.h
iproute2-4.15.0/include/uapi/linux/tc_act/
iproute2-4.15.0/include/uapi/linux/tc_act/tc_bpf.h
iproute2-4.15.0/include/uapi/linux/tc_act/tc_connmark.h
iproute2-4.15.0/include/uapi/linux/tc_act/tc_csum.h
iproute2-4.15.0/include/uapi/linux/tc_act/tc_defact.h
iproute2-4.15.0/include/uapi/linux/tc_act/tc_gact.h
iproute2-4.15.0/include/uapi/linux/tc_act/tc_ife.h
iproute2-4.15.0/include/uapi/linux/tc_act/tc_ipt.h
iproute2-4.15.0/include/uapi/linux/tc_act/tc_mirred.h
iproute2-4.15.0/include/uapi/linux/tc_act/tc_nat.h
iproute2-4.15.0/include/uapi/linux/tc_act/tc_pedit.h
iproute2-4.15.0/include/uapi/linux/tc_act/tc_sample.h
iproute2-4.15.0/include/uapi/linux/tc_act/tc_skbedit.h
iproute2-4.15.0/include/uapi/linux/tc_act/tc_skbmod.h
iproute2-4.15.0/include/uapi/linux/tc_act/tc_tunnel_key.h
iproute2-4.15.0/include/uapi/linux/tc_act/tc_vlan.h
iproute2-4.15.0/include/uapi/linux/tc_ematch/
iproute2-4.15.0/include/uapi/linux/tc_ematch/tc_em_cmp.h
iproute2-4.15.0/include/uapi/linux/tc_ematch/tc_em_meta.h
iproute2-4.15.0/include/uapi/linux/tc_ematch/tc_em_nbyte.h
iproute2-4.15.0/include/uapi/linux/tcp.h
iproute2-4.15.0/include/uapi/linux/tcp_metrics.h
iproute2-4.15.0/include/uapi/linux/tipc.h
iproute2-4.15.0/include/uapi/linux/tipc_netlink.h
iproute2-4.15.0/include/uapi/linux/types.h
iproute2-4.15.0/include/uapi/linux/unix_diag.h
iproute2-4.15.0/include/uapi/linux/veth.h
iproute2-4.15.0/include/uapi/linux/vm_sockets_diag.h
iproute2-4.15.0/include/uapi/linux/xfrm.h
iproute2-4.15.0/include/uapi/rdma/
iproute2-4.15.0/include/uapi/rdma/rdma_netlink.h
iproute2-4.15.0/include/utils.h
iproute2-4.15.0/include/xt-internal.h
iproute2-4.15.0/include/xtables.h
iproute2-4.15.0/ip/
iproute2-4.15.0/ip/.gitignore
iproute2-4.15.0/ip/Makefile
iproute2-4.15.0/ip/ifcfg
iproute2-4.15.0/ip/ila_common.h
iproute2-4.15.0/ip/ip.c
iproute2-4.15.0/ip/ip6tunnel.c
iproute2-4.15.0/ip/ip_common.h
iproute2-4.15.0/ip/ipaddress.c
iproute2-4.15.0/ip/ipaddrlabel.c
iproute2-4.15.0/ip/ipfou.c
iproute2-4.15.0/ip/ipila.c
iproute2-4.15.0/ip/ipl2tp.c
iproute2-4.15.0/ip/iplink.c
iproute2-4.15.0/ip/iplink_bond.c
iproute2-4.15.0/ip/iplink_bond_slave.c
iproute2-4.15.0/ip/iplink_bridge.c
iproute2-4.15.0/ip/iplink_bridge_slave.c
iproute2-4.15.0/ip/iplink_can.c
iproute2-4.15.0/ip/iplink_dummy.c
iproute2-4.15.0/ip/iplink_geneve.c
iproute2-4.15.0/ip/iplink_hsr.c
iproute2-4.15.0/ip/iplink_ifb.c
iproute2-4.15.0/ip/iplink_ipoib.c
iproute2-4.15.0/ip/iplink_ipvlan.c
iproute2-4.15.0/ip/iplink_macvlan.c
iproute2-4.15.0/ip/iplink_nlmon.c
iproute2-4.15.0/ip/iplink_team.c
iproute2-4.15.0/ip/iplink_vcan.c
iproute2-4.15.0/ip/iplink_vlan.c
iproute2-4.15.0/ip/iplink_vrf.c
iproute2-4.15.0/ip/iplink_vxcan.c
iproute2-4.15.0/ip/iplink_vxlan.c
iproute2-4.15.0/ip/iplink_xdp.c
iproute2-4.15.0/ip/iplink_xstats.c
iproute2-4.15.0/ip/ipmacsec.c
iproute2-4.15.0/ip/ipmaddr.c
iproute2-4.15.0/ip/ipmonitor.c
iproute2-4.15.0/ip/ipmroute.c
iproute2-4.15.0/ip/ipneigh.c
iproute2-4.15.0/ip/ipnetconf.c
iproute2-4.15.0/ip/ipnetns.c
iproute2-4.15.0/ip/ipntable.c
iproute2-4.15.0/ip/ipprefix.c
iproute2-4.15.0/ip/iproute.c
iproute2-4.15.0/ip/iproute_lwtunnel.c
iproute2-4.15.0/ip/iproute_lwtunnel.h
iproute2-4.15.0/ip/iprule.c
iproute2-4.15.0/ip/ipseg6.c
iproute2-4.15.0/ip/iptoken.c
iproute2-4.15.0/ip/iptunnel.c
iproute2-4.15.0/ip/iptuntap.c
iproute2-4.15.0/ip/ipvrf.c
iproute2-4.15.0/ip/ipxfrm.c
iproute2-4.15.0/ip/link_gre.c
iproute2-4.15.0/ip/link_gre6.c
iproute2-4.15.0/ip/link_ip6tnl.c
iproute2-4.15.0/ip/link_iptnl.c
iproute2-4.15.0/ip/link_veth.c
iproute2-4.15.0/ip/link_vti.c
iproute2-4.15.0/ip/link_vti6.c
iproute2-4.15.0/ip/routef
iproute2-4.15.0/ip/routel
iproute2-4.15.0/ip/rtm_map.c
iproute2-4.15.0/ip/rtmon.c
iproute2-4.15.0/ip/rtpr
iproute2-4.15.0/ip/static-syms.c
iproute2-4.15.0/ip/tcp_metrics.c
iproute2-4.15.0/ip/tunnel.c
iproute2-4.15.0/ip/tunnel.h
iproute2-4.15.0/ip/xdp.h
iproute2-4.15.0/ip/xfrm.h
iproute2-4.15.0/ip/xfrm_monitor.c
iproute2-4.15.0/ip/xfrm_policy.c
iproute2-4.15.0/ip/xfrm_state.c
iproute2-4.15.0/lib/
iproute2-4.15.0/lib/Makefile
iproute2-4.15.0/lib/bpf.c
iproute2-4.15.0/lib/color.c
iproute2-4.15.0/lib/coverity_model.c
iproute2-4.15.0/lib/dnet_ntop.c
iproute2-4.15.0/lib/dnet_pton.c
iproute2-4.15.0/lib/exec.c
iproute2-4.15.0/lib/fs.c
iproute2-4.15.0/lib/inet_proto.c
iproute2-4.15.0/lib/ipx_ntop.c
iproute2-4.15.0/lib/ipx_pton.c
iproute2-4.15.0/lib/json_print.c
iproute2-4.15.0/lib/json_writer.c
iproute2-4.15.0/lib/libgenl.c
iproute2-4.15.0/lib/libnetlink.c
iproute2-4.15.0/lib/ll_addr.c
iproute2-4.15.0/lib/ll_map.c
iproute2-4.15.0/lib/ll_proto.c
iproute2-4.15.0/lib/ll_types.c
iproute2-4.15.0/lib/mpls_ntop.c
iproute2-4.15.0/lib/mpls_pton.c
iproute2-4.15.0/lib/names.c
iproute2-4.15.0/lib/namespace.c
iproute2-4.15.0/lib/rt_names.c
iproute2-4.15.0/lib/utils.c
iproute2-4.15.0/man/
iproute2-4.15.0/man/Makefile
iproute2-4.15.0/man/man3/
iproute2-4.15.0/man/man3/Makefile
iproute2-4.15.0/man/man3/libnetlink.3
iproute2-4.15.0/man/man7/
iproute2-4.15.0/man/man7/Makefile
iproute2-4.15.0/man/man7/tc-hfsc.7
iproute2-4.15.0/man/man8/
iproute2-4.15.0/man/man8/.gitignore
iproute2-4.15.0/man/man8/Makefile
iproute2-4.15.0/man/man8/arpd.8
iproute2-4.15.0/man/man8/bridge.8
iproute2-4.15.0/man/man8/ctstat.8
iproute2-4.15.0/man/man8/devlink-dev.8
iproute2-4.15.0/man/man8/devlink-monitor.8
iproute2-4.15.0/man/man8/devlink-port.8
iproute2-4.15.0/man/man8/devlink-sb.8
iproute2-4.15.0/man/man8/devlink.8
iproute2-4.15.0/man/man8/genl.8
iproute2-4.15.0/man/man8/ifcfg.8
iproute2-4.15.0/man/man8/ifstat.8
iproute2-4.15.0/man/man8/ip-address.8.in
iproute2-4.15.0/man/man8/ip-addrlabel.8
iproute2-4.15.0/man/man8/ip-fou.8
iproute2-4.15.0/man/man8/ip-gue.8
iproute2-4.15.0/man/man8/ip-l2tp.8
iproute2-4.15.0/man/man8/ip-link.8.in
iproute2-4.15.0/man/man8/ip-macsec.8
iproute2-4.15.0/man/man8/ip-maddress.8
iproute2-4.15.0/man/man8/ip-monitor.8
iproute2-4.15.0/man/man8/ip-mroute.8
iproute2-4.15.0/man/man8/ip-neighbour.8
iproute2-4.15.0/man/man8/ip-netconf.8
iproute2-4.15.0/man/man8/ip-netns.8
iproute2-4.15.0/man/man8/ip-ntable.8
iproute2-4.15.0/man/man8/ip-route.8.in
iproute2-4.15.0/man/man8/ip-rule.8
iproute2-4.15.0/man/man8/ip-sr.8
iproute2-4.15.0/man/man8/ip-tcp_metrics.8
iproute2-4.15.0/man/man8/ip-token.8
iproute2-4.15.0/man/man8/ip-tunnel.8
iproute2-4.15.0/man/man8/ip-vrf.8
iproute2-4.15.0/man/man8/ip-xfrm.8
iproute2-4.15.0/man/man8/ip.8
iproute2-4.15.0/man/man8/lnstat.8
iproute2-4.15.0/man/man8/nstat.8
iproute2-4.15.0/man/man8/rdma-dev.8
iproute2-4.15.0/man/man8/rdma-link.8
iproute2-4.15.0/man/man8/rdma.8
iproute2-4.15.0/man/man8/routef.8
iproute2-4.15.0/man/man8/routel.8
iproute2-4.15.0/man/man8/rtacct.8
iproute2-4.15.0/man/man8/rtmon.8
iproute2-4.15.0/man/man8/rtpr.8
iproute2-4.15.0/man/man8/rtstat.8
iproute2-4.15.0/man/man8/ss.8
iproute2-4.15.0/man/man8/tc-actions.8
iproute2-4.15.0/man/man8/tc-basic.8
iproute2-4.15.0/man/man8/tc-bfifo.8
iproute2-4.15.0/man/man8/tc-bpf.8
iproute2-4.15.0/man/man8/tc-cbq-details.8
iproute2-4.15.0/man/man8/tc-cbq.8
iproute2-4.15.0/man/man8/tc-cbs.8
iproute2-4.15.0/man/man8/tc-cgroup.8
iproute2-4.15.0/man/man8/tc-choke.8
iproute2-4.15.0/man/man8/tc-codel.8
iproute2-4.15.0/man/man8/tc-connmark.8
iproute2-4.15.0/man/man8/tc-csum.8
iproute2-4.15.0/man/man8/tc-drr.8
iproute2-4.15.0/man/man8/tc-ematch.8
iproute2-4.15.0/man/man8/tc-flow.8
iproute2-4.15.0/man/man8/tc-flower.8
iproute2-4.15.0/man/man8/tc-fq.8
iproute2-4.15.0/man/man8/tc-fq_codel.8
iproute2-4.15.0/man/man8/tc-fw.8
iproute2-4.15.0/man/man8/tc-hfsc.8
iproute2-4.15.0/man/man8/tc-htb.8
iproute2-4.15.0/man/man8/tc-ife.8
iproute2-4.15.0/man/man8/tc-matchall.8
iproute2-4.15.0/man/man8/tc-mirred.8
iproute2-4.15.0/man/man8/tc-mqprio.8
iproute2-4.15.0/man/man8/tc-nat.8
iproute2-4.15.0/man/man8/tc-netem.8
iproute2-4.15.0/man/man8/tc-pedit.8
iproute2-4.15.0/man/man8/tc-pfifo.8
iproute2-4.15.0/man/man8/tc-pfifo_fast.8
iproute2-4.15.0/man/man8/tc-pie.8
iproute2-4.15.0/man/man8/tc-police.8
iproute2-4.15.0/man/man8/tc-prio.8
iproute2-4.15.0/man/man8/tc-red.8
iproute2-4.15.0/man/man8/tc-route.8
iproute2-4.15.0/man/man8/tc-sample.8
iproute2-4.15.0/man/man8/tc-sfb.8
iproute2-4.15.0/man/man8/tc-sfq.8
iproute2-4.15.0/man/man8/tc-simple.8
iproute2-4.15.0/man/man8/tc-skbedit.8
iproute2-4.15.0/man/man8/tc-skbmod.8
iproute2-4.15.0/man/man8/tc-stab.8
iproute2-4.15.0/man/man8/tc-tbf.8
iproute2-4.15.0/man/man8/tc-tcindex.8
iproute2-4.15.0/man/man8/tc-tunnel_key.8
iproute2-4.15.0/man/man8/tc-u32.8
iproute2-4.15.0/man/man8/tc-vlan.8
iproute2-4.15.0/man/man8/tc-xt.8
iproute2-4.15.0/man/man8/tc.8
iproute2-4.15.0/man/man8/tipc-bearer.8
iproute2-4.15.0/man/man8/tipc-link.8
iproute2-4.15.0/man/man8/tipc-media.8
iproute2-4.15.0/man/man8/tipc-nametable.8
iproute2-4.15.0/man/man8/tipc-node.8
iproute2-4.15.0/man/man8/tipc-peer.8
iproute2-4.15.0/man/man8/tipc-socket.8
iproute2-4.15.0/man/man8/tipc.8
iproute2-4.15.0/misc/
iproute2-4.15.0/misc/.gitignore
iproute2-4.15.0/misc/Makefile
iproute2-4.15.0/misc/arpd.c
iproute2-4.15.0/misc/ifstat.c
iproute2-4.15.0/misc/lnstat.c
iproute2-4.15.0/misc/lnstat.h
iproute2-4.15.0/misc/lnstat_util.c
iproute2-4.15.0/misc/nstat.c
iproute2-4.15.0/misc/rtacct.c
iproute2-4.15.0/misc/ss.c
iproute2-4.15.0/misc/ssfilter.h
iproute2-4.15.0/misc/ssfilter.y
iproute2-4.15.0/netem/
iproute2-4.15.0/netem/.gitignore
iproute2-4.15.0/netem/Makefile
iproute2-4.15.0/netem/README.distribution
iproute2-4.15.0/netem/experimental.dat
iproute2-4.15.0/netem/maketable.c
iproute2-4.15.0/netem/normal.c
iproute2-4.15.0/netem/pareto.c
iproute2-4.15.0/netem/paretonormal.c
iproute2-4.15.0/netem/stats.c
iproute2-4.15.0/rdma/
iproute2-4.15.0/rdma/.gitignore
iproute2-4.15.0/rdma/Makefile
iproute2-4.15.0/rdma/dev.c
iproute2-4.15.0/rdma/link.c
iproute2-4.15.0/rdma/rdma.c
iproute2-4.15.0/rdma/rdma.h
iproute2-4.15.0/rdma/utils.c
iproute2-4.15.0/schema/
iproute2-4.15.0/schema/bridge_fdb_schema.json
iproute2-4.15.0/tc/
iproute2-4.15.0/tc/.gitignore
iproute2-4.15.0/tc/Makefile
iproute2-4.15.0/tc/e_bpf.c
iproute2-4.15.0/tc/em_canid.c
iproute2-4.15.0/tc/em_cmp.c
iproute2-4.15.0/tc/em_ipset.c
iproute2-4.15.0/tc/em_meta.c
iproute2-4.15.0/tc/em_nbyte.c
iproute2-4.15.0/tc/em_u32.c
iproute2-4.15.0/tc/emp_ematch.l
iproute2-4.15.0/tc/emp_ematch.y
iproute2-4.15.0/tc/f_basic.c
iproute2-4.15.0/tc/f_bpf.c
iproute2-4.15.0/tc/f_cgroup.c
iproute2-4.15.0/tc/f_flow.c
iproute2-4.15.0/tc/f_flower.c
iproute2-4.15.0/tc/f_fw.c
iproute2-4.15.0/tc/f_matchall.c
iproute2-4.15.0/tc/f_route.c
iproute2-4.15.0/tc/f_rsvp.c
iproute2-4.15.0/tc/f_tcindex.c
iproute2-4.15.0/tc/f_u32.c
iproute2-4.15.0/tc/m_action.c
iproute2-4.15.0/tc/m_bpf.c
iproute2-4.15.0/tc/m_connmark.c
iproute2-4.15.0/tc/m_csum.c
iproute2-4.15.0/tc/m_ematch.c
iproute2-4.15.0/tc/m_ematch.h
iproute2-4.15.0/tc/m_estimator.c
iproute2-4.15.0/tc/m_gact.c
iproute2-4.15.0/tc/m_ife.c
iproute2-4.15.0/tc/m_ipt.c
iproute2-4.15.0/tc/m_mirred.c
iproute2-4.15.0/tc/m_nat.c
iproute2-4.15.0/tc/m_pedit.c
iproute2-4.15.0/tc/m_pedit.h
iproute2-4.15.0/tc/m_police.c
iproute2-4.15.0/tc/m_sample.c
iproute2-4.15.0/tc/m_simple.c
iproute2-4.15.0/tc/m_skbedit.c
iproute2-4.15.0/tc/m_skbmod.c
iproute2-4.15.0/tc/m_tunnel_key.c
iproute2-4.15.0/tc/m_vlan.c
iproute2-4.15.0/tc/m_xt.c
iproute2-4.15.0/tc/m_xt_old.c
iproute2-4.15.0/tc/p_eth.c
iproute2-4.15.0/tc/p_icmp.c
iproute2-4.15.0/tc/p_ip.c
iproute2-4.15.0/tc/p_ip6.c
iproute2-4.15.0/tc/p_tcp.c
iproute2-4.15.0/tc/p_udp.c
iproute2-4.15.0/tc/q_atm.c
iproute2-4.15.0/tc/q_cbq.c
iproute2-4.15.0/tc/q_cbs.c
iproute2-4.15.0/tc/q_choke.c
iproute2-4.15.0/tc/q_clsact.c
iproute2-4.15.0/tc/q_codel.c
iproute2-4.15.0/tc/q_drr.c
iproute2-4.15.0/tc/q_dsmark.c
iproute2-4.15.0/tc/q_fifo.c
iproute2-4.15.0/tc/q_fq.c
iproute2-4.15.0/tc/q_fq_codel.c
iproute2-4.15.0/tc/q_gred.c
iproute2-4.15.0/tc/q_hfsc.c
iproute2-4.15.0/tc/q_hhf.c
iproute2-4.15.0/tc/q_htb.c
iproute2-4.15.0/tc/q_ingress.c
iproute2-4.15.0/tc/q_mqprio.c
iproute2-4.15.0/tc/q_multiq.c
iproute2-4.15.0/tc/q_netem.c
iproute2-4.15.0/tc/q_pie.c
iproute2-4.15.0/tc/q_prio.c
iproute2-4.15.0/tc/q_qfq.c
iproute2-4.15.0/tc/q_red.c
iproute2-4.15.0/tc/q_rr.c
iproute2-4.15.0/tc/q_sfb.c
iproute2-4.15.0/tc/q_sfq.c
iproute2-4.15.0/tc/q_tbf.c
iproute2-4.15.0/tc/static-syms.c
iproute2-4.15.0/tc/tc.c
iproute2-4.15.0/tc/tc_cbq.c
iproute2-4.15.0/tc/tc_cbq.h
iproute2-4.15.0/tc/tc_class.c
iproute2-4.15.0/tc/tc_common.h
iproute2-4.15.0/tc/tc_core.c
iproute2-4.15.0/tc/tc_core.h
iproute2-4.15.0/tc/tc_estimator.c
iproute2-4.15.0/tc/tc_exec.c
iproute2-4.15.0/tc/tc_filter.c
iproute2-4.15.0/tc/tc_monitor.c
iproute2-4.15.0/tc/tc_qdisc.c
iproute2-4.15.0/tc/tc_red.c
iproute2-4.15.0/tc/tc_red.h
iproute2-4.15.0/tc/tc_stab.c
iproute2-4.15.0/tc/tc_util.c
iproute2-4.15.0/tc/tc_util.h
iproute2-4.15.0/testsuite/
iproute2-4.15.0/testsuite/Makefile
iproute2-4.15.0/testsuite/configs/
iproute2-4.15.0/testsuite/configs/all-2.4
iproute2-4.15.0/testsuite/configs/all-no-act
iproute2-4.15.0/testsuite/configs/all-police-act
iproute2-4.15.0/testsuite/iproute2/
iproute2-4.15.0/testsuite/iproute2/Makefile
iproute2-4.15.0/testsuite/lib/
iproute2-4.15.0/testsuite/lib/generic.sh
iproute2-4.15.0/testsuite/tests/
iproute2-4.15.0/testsuite/tests/ip/
iproute2-4.15.0/testsuite/tests/ip/link/
iproute2-4.15.0/testsuite/tests/ip/link/new_link.t
iproute2-4.15.0/testsuite/tests/ip/link/show_dev_wo_vf_rate.t
iproute2-4.15.0/testsuite/tests/ip/netns/
iproute2-4.15.0/testsuite/tests/ip/netns/set_nsid.t
iproute2-4.15.0/testsuite/tests/ip/netns/set_nsid_batch.t
iproute2-4.15.0/testsuite/tests/ip/route/
iproute2-4.15.0/testsuite/tests/ip/route/add_default_route.t
iproute2-4.15.0/testsuite/tests/ip/tunnel/
iproute2-4.15.0/testsuite/tests/ip/tunnel/add_tunnel.t
iproute2-4.15.0/testsuite/tests/tc/
iproute2-4.15.0/testsuite/tests/tc/cbq.t
iproute2-4.15.0/testsuite/tests/tc/cls-testbed.t
iproute2-4.15.0/testsuite/tests/tc/dsmark.t
iproute2-4.15.0/testsuite/tests/tc/pedit.t
iproute2-4.15.0/testsuite/tests/tc/policer.t
iproute2-4.15.0/testsuite/tools/
iproute2-4.15.0/testsuite/tools/Makefile
iproute2-4.15.0/testsuite/tools/generate_nlmsg.c
iproute2-4.15.0/tipc/
iproute2-4.15.0/tipc/.gitignore
iproute2-4.15.0/tipc/Makefile
iproute2-4.15.0/tipc/README
iproute2-4.15.0/tipc/bearer.c
iproute2-4.15.0/tipc/bearer.h
iproute2-4.15.0/tipc/cmdl.c
iproute2-4.15.0/tipc/cmdl.h
iproute2-4.15.0/tipc/link.c
iproute2-4.15.0/tipc/link.h
iproute2-4.15.0/tipc/media.c
iproute2-4.15.0/tipc/media.h
iproute2-4.15.0/tipc/misc.c
iproute2-4.15.0/tipc/misc.h
iproute2-4.15.0/tipc/msg.c
iproute2-4.15.0/tipc/msg.h
iproute2-4.15.0/tipc/nametable.c
iproute2-4.15.0/tipc/nametable.h
iproute2-4.15.0/tipc/node.c
iproute2-4.15.0/tipc/node.h
iproute2-4.15.0/tipc/peer.c
iproute2-4.15.0/tipc/peer.h
iproute2-4.15.0/tipc/socket.c
iproute2-4.15.0/tipc/socket.h
iproute2-4.15.0/tipc/tipc.c
sh configure /usr/include
TC schedulers
 ATM	no

libc has setns: yes
SELinux support: no
ELF support: no
libmnl support: no
Berkeley DB: no
need for strlcpy: yes

docs: latex: no
 WARNING: no docs can be built from LaTeX files
 sgml2html: no
 WARNING: no HTML docs can be built from SGML


lib
    CC       libgenl.o
    CC       ll_map.o
    CC       libnetlink.o
libnetlink.c:120:2: warning: #warning "libmnl required for error support" [-Wcpp]
 #warning "libmnl required for error support"
  ^~~~~~~
    AR       libnetlink.a
    CC       utils.o
    CC       rt_names.o
    CC       ll_types.o
    CC       ll_proto.o
    CC       ll_addr.o
    CC       inet_proto.o
    CC       namespace.o
    CC       json_writer.o
    CC       json_print.o
    CC       names.o
    CC       color.o
    CC       bpf.o
    CC       exec.o
    CC       fs.o
    CC       dnet_ntop.o
    CC       dnet_pton.o
    CC       ipx_ntop.o
    CC       ipx_pton.o
    CC       mpls_ntop.o
    CC       mpls_pton.o
    AR       libutil.a

ip
    CC       ip.o
    CC       ipaddress.o
    CC       ipaddrlabel.o
    CC       iproute.o
    CC       iprule.o
    CC       ipnetns.o
    CC       rtm_map.o
    CC       iptunnel.o
    CC       ip6tunnel.o
    CC       tunnel.o
    CC       ipneigh.o
    CC       ipntable.o
    CC       iplink.o
    CC       ipmaddr.o
    CC       ipmonitor.o
    CC       ipmroute.o
    CC       ipprefix.o
    CC       iptuntap.o
    CC       iptoken.o
    CC       ipxfrm.o
    CC       xfrm_state.o
    CC       xfrm_policy.o
    CC       xfrm_monitor.o
    CC       iplink_dummy.o
    CC       iplink_ifb.o
    CC       iplink_nlmon.o
    CC       iplink_team.o
    CC       iplink_vcan.o
    CC       iplink_vxcan.o
    CC       iplink_vlan.o
    CC       link_veth.o
    CC       link_gre.o
    CC       iplink_can.o
    CC       iplink_xdp.o
    CC       iplink_macvlan.o
    CC       ipl2tp.o
    CC       link_vti.o
    CC       link_vti6.o
    CC       iplink_vxlan.o
    CC       tcp_metrics.o
    CC       iplink_ipoib.o
    CC       ipnetconf.o
    CC       link_ip6tnl.o
    CC       link_iptnl.o
    CC       link_gre6.o
    CC       iplink_bond.o
    CC       iplink_bond_slave.o
    CC       iplink_hsr.o
    CC       iplink_bridge.o
    CC       iplink_bridge_slave.o
    CC       ipfou.o
    CC       iplink_ipvlan.o
    CC       iplink_geneve.o
    CC       iplink_vrf.o
    CC       iproute_lwtunnel.o
    CC       ipmacsec.o
    CC       ipila.o
    CC       ipvrf.o
    CC       iplink_xstats.o
    CC       ipseg6.o
    LINK     ip
    CC       rtmon.o
    LINK     rtmon

tc
    CC       tc.o
    CC       tc_qdisc.o
    CC       tc_class.o
    CC       tc_filter.o
    CC       tc_util.o
    CC       tc_monitor.o
    CC       tc_exec.o
    CC       m_police.o
    CC       m_estimator.o
    CC       m_action.o
    CC       m_ematch.o
    YACC     emp_ematch.yacc.c
    CC       emp_ematch.yacc.o
    LEX      emp_ematch.lex.c
    CC       emp_ematch.lex.o
    CC       q_fifo.o
    CC       q_sfq.o
    CC       q_red.o
    CC       q_prio.o
    CC       q_tbf.o
    CC       q_cbq.o
    CC       q_rr.o
    CC       q_multiq.o
    CC       q_netem.o
    CC       q_choke.o
    CC       q_sfb.o
    CC       f_rsvp.o
    CC       f_u32.o
    CC       f_route.o
    CC       f_fw.o
    CC       f_basic.o
    CC       f_bpf.o
    CC       f_flow.o
    CC       f_cgroup.o
    CC       f_flower.o
    CC       q_dsmark.o
    CC       q_gred.o
    CC       f_tcindex.o
    CC       q_ingress.o
    CC       q_hfsc.o
    CC       q_htb.o
    CC       q_drr.o
    CC       q_qfq.o
    CC       m_gact.o
    CC       m_mirred.o
    CC       m_nat.o
    CC       m_pedit.o
    CC       m_ife.o
    CC       m_skbedit.o
    CC       m_skbmod.o
    CC       m_csum.o
    CC       m_simple.o
    CC       m_vlan.o
    CC       m_connmark.o
    CC       m_bpf.o
    CC       m_tunnel_key.o
    CC       m_sample.o
    CC       p_ip.o
    CC       p_ip6.o
    CC       p_icmp.o
    CC       p_eth.o
    CC       p_tcp.o
    CC       p_udp.o
    CC       em_nbyte.o
    CC       em_cmp.o
    CC       em_u32.o
    CC       em_canid.o
    CC       em_meta.o
    CC       q_mqprio.o
    CC       q_codel.o
    CC       q_fq_codel.o
    CC       q_fq.o
    CC       q_pie.o
    CC       q_hhf.o
    CC       q_clsact.o
    CC       e_bpf.o
    CC       f_matchall.o
    CC       q_cbs.o
    CC       tc_core.o
    CC       tc_red.o
    CC       tc_cbq.o
    CC       tc_estimator.o
    CC       tc_stab.o
    AR       libtc.a
    LINK     tc
rm emp_ematch.lex.c

bridge
    CC       bridge.o
    CC       fdb.o
    CC       monitor.o
    CC       link.o
    CC       mdb.o
    CC       vlan.o
    LINK     bridge

misc
    CC       ss.o
    YACC     ssfilter.c
ssfilter.y: warning: 35 shift/reduce conflicts [-Wconflicts-sr]
    CC       ssfilter.o
    LINK     ss
    CC       nstat
    CC       ifstat
    CC       rtacct
    CC       lnstat.o
    CC       lnstat_util.o
    LINK     lnstat

netem
gcc  -I../include -o maketable maketable.c -lm
gcc  -I../include -o normal normal.c -lm
gcc  -I../include -o pareto pareto.c -lm
gcc  -I../include -o paretonormal paretonormal.c -lm
./normal > normal.dist
./pareto > pareto.dist
./paretonormal > paretonormal.dist
./maketable experimental.dat > experimental.dist

genl
    CC       genl.o
    CC       ctrl.o
    LINK     genl

tipc
make[1]: Nothing to be done for 'all'.

devlink
make[1]: Nothing to be done for 'all'.

rdma
make[1]: Nothing to be done for 'all'.

man
make[2]: Nothing to be done for 'all'.
make[2]: Nothing to be done for 'all'.
sed "s|@SYSCONFDIR@|/etc/iproute2|g" ip-address.8.in > ip-address.8
sed "s|@SYSCONFDIR@|/etc/iproute2|g" ip-link.8.in > ip-link.8
sed "s|@SYSCONFDIR@|/etc/iproute2|g" ip-route.8.in > ip-route.8

lib
make[1]: Nothing to be done for 'all'.

ip
make[1]: Nothing to be done for 'all'.

tc
make[1]: Nothing to be done for 'all'.

bridge
make[1]: Nothing to be done for 'all'.

misc
make[1]: Nothing to be done for 'all'.

netem
make[1]: Nothing to be done for 'all'.

genl
make[1]: Nothing to be done for 'all'.

tipc
make[1]: Nothing to be done for 'all'.

devlink
make[1]: Nothing to be done for 'all'.

rdma
make[1]: Nothing to be done for 'all'.

man
make[2]: Nothing to be done for 'all'.
make[2]: Nothing to be done for 'all'.
make[2]: Nothing to be done for 'all'.
install -m 0755 -d /sbin
install -m 0755 -d /etc/iproute2
install -m 0755 -d /var/lib/arpd
install -m 0755 -d /usr/include/iproute2
install -m 0755 -d /usr/share/doc/iproute2/examples
install -m 0755 -d /usr/share/doc/iproute2/examples/diffserv
install -m 0644 README.iproute2+tc examples/cbq.init-v0.7.3 examples/cbqinit.eth1 examples/README.cbq examples/SYN-DoS.rate.limit examples/dhcp-client-script examples/gaiconf \
	/usr/share/doc/iproute2/examples
install -m 0644 examples/diffserv/efcbq examples/diffserv/afcbq examples/diffserv/Edge2 examples/diffserv/Edge32-ca-u32 examples/diffserv/README examples/diffserv/ef-prio examples/diffserv/Edge31-ca-u32 examples/diffserv/Edge32-cb-u32 examples/diffserv/regression-testing examples/diffserv/Edge32-cb-chains examples/diffserv/Edge31-cb-chains examples/diffserv/Edge1 \
	/usr/share/doc/iproute2/examples/diffserv
make[1]: Nothing to be done for 'install'.
install -m 0755 ip rtmon /sbin
install -m 0755 ifcfg rtpr routel routef /sbin
mkdir -p /usr/lib/tc
install -m 0755 tc /sbin
for i in ; \
do install -m 755 $i /usr/lib/tc; \
done
if [ ! -f /usr/lib/tc/m_ipt.so ]; then \
if [ -f /usr/lib/tc/m_xt.so ]; \
	then ln -s m_xt.so /usr/lib/tc/m_ipt.so ; \
elif [ -f /usr/lib/tc/m_xt_old.so ]; \
	then ln -s m_xt_old.so /usr/lib/tc/m_ipt.so ; \
fi; \
fi
install -m 0755 bridge /sbin
install -m 0755 ss nstat ifstat rtacct lnstat /sbin
ln -sf lnstat /sbin/rtstat
ln -sf lnstat /sbin/ctstat
mkdir -p /usr/lib/tc
for i in normal.dist pareto.dist paretonormal.dist experimental.dist; \
do install -m 644 $i /usr/lib/tc; \
done
install -m 0755 genl /sbin
install -m 0755  /sbin
install: missing destination file operand after '/sbin'
Try 'install --help' for more information.
Makefile:25: recipe for target 'install' failed
make[1]: *** [install] Error 1
install -m 0755  /sbin
install: missing destination file operand after '/sbin'
Try 'install --help' for more information.
Makefile:22: recipe for target 'install' failed
make[1]: *** [install] Error 1
install -m 0755  /sbin
install: missing destination file operand after '/sbin'
Try 'install --help' for more information.
Makefile:19: recipe for target 'install' failed
make[1]: *** [install] Error 1
install -m 0755 -d /usr/share/man/man3
install -m 0644 libnetlink.3 /usr/share/man/man3
install -m 0755 -d /usr/share/man/man7
install -m 0644 tc-hfsc.7 /usr/share/man/man7
install -m 0755 -d /usr/share/man/man8
install -m 0644 ip-address.8 ip-link.8 ip-route.8 tc-choke.8 tc-skbmod.8 tc-connmark.8 tc-sfb.8 tc-fq.8 tc-pedit.8 ip-tcp_metrics.8 tipc-node.8 rtacct.8 ctstat.8 rtpr.8 arpd.8 devlink-dev.8 tipc-peer.8 tc-fw.8 tc-cbq-details.8 ip-addrlabel.8 tc-basic.8 ip.8 rtstat.8 ip-ntable.8 tc-vlan.8 tc-xt.8 tc-netem.8 tc-sfq.8 tc.8 tc-cbs.8 ip-maddress.8 rtmon.8 rdma.8 tc-bfifo.8 rdma-link.8 tc-tunnel_key.8 tc-pfifo.8 devlink-monitor.8 tc-route.8 ip-xfrm.8 tipc-bearer.8 ip-neighbour.8 tc-matchall.8 bridge.8 tipc-socket.8 tc-simple.8 devlink-sb.8 ip-mroute.8 tc-htb.8 tc-pie.8 ip-macsec.8 tipc.8 ip-vrf.8 tc-red.8 genl.8 ifcfg.8 ip-rule.8 tc-sample.8 tc-flower.8 tc-pfifo_fast.8 tc-skbedit.8 tc-tbf.8 tc-ematch.8 devlink-port.8 tc-drr.8 routef.8 ip-gue.8 devlink.8 tc-cgroup.8 tc-cbq.8 tc-bpf.8 ip-monitor.8 tc-u32.8 routel.8 tipc-media.8 ip-l2tp.8 tc-mqprio.8 tc-flow.8 tipc-link.8 tc-stab.8 tc-actions.8 tipc-nametable.8 tc-ife.8 tc-hfsc.8 ip-sr.8 tc-mirred.8 ip-token.8 ss.8 nstat.8 lnstat.8 ifstat.8 ip-netconf.8 tc-prio.8 tc-nat.8 rdma-dev.8 ip-fou.8 ip-netns.8 tc-csum.8 ip-tunnel.8 tc-codel.8 tc-police.8 tc-tcindex.8 tc-fq_codel.8 /usr/share/man/man8
install -m 0644 etc/iproute2/rt_dsfield etc/iproute2/rt_tables etc/iproute2/group etc/iproute2/ematch_map etc/iproute2/bpf_pinning etc/iproute2/rt_realms etc/iproute2/nl_protos etc/iproute2/rt_scopes etc/iproute2/rt_protos /etc/iproute2
install -m 0755 -d /usr/share/bash-completion/completions
install -m 0644 bash-completion/tc /usr/share/bash-completion/completions
install -m 0644 include/bpf_elf.h /usr/include/iproute2
Ok!

SRv6 Router node setup ended succesfully. Enjoy!

